# JRE version: OpenJDK Runtime Environment (17.0.6) (build 17.0.6+0-b2043.56-10027231)
# Java VM: OpenJDK 64-Bit Server VM (17.0.6+0-b2043.56-10027231, mixed mode, tiered, compressed oops, compressed class ptrs, g1 gc, windows-amd64)
GC Precious Log:
 CPUs: 8 total, 8 available
 Memory: 7932M
 Large Page Support: Disabled
 NUMA Support: Disabled
 Compressed Oops: Enabled (32-bit)
 Heap Region Size: 1M
 Heap Min Capacity: 8M
 Heap Initial Capacity: 124M
 Heap Max Capacity: 2G
 Pre-touch: Disabled
 Parallel Workers: 8
 Concurrent Workers: 2
 Concurrent Refinement Workers: 8
 Periodic GC: Disabled
Heap:
 garbage-first heap   total 209920K, used 119303K [0x0000000080000000, 0x0000000100000000)
  region size 1024K, 2 young (2048K), 2 survivors (2048K)
 Metaspace       used 95016K, committed 95680K, reserved 1138688K
  class space    used 12642K, committed 12928K, reserved 1048576K
GC Heap History (20 events):
Event: 19.207 GC heap after
{Heap after GC invocations=36 (full 0):
 garbage-first heap   total 178176K, used 59388K [0x0000000080000000, 0x0000000100000000)
  region size 1024K, 1 young (1024K), 1 survivors (1024K)
 Metaspace       used 67960K, committed 68480K, reserved 1114112K
  class space    used 8970K, committed 9152K, reserved 1048576K
}
Event: 21.362 GC heap before
{Heap before GC invocations=36 (full 0):
 garbage-first heap   total 178176K, used 133116K [0x0000000080000000, 0x0000000100000000)
  region size 1024K, 72 young (73728K), 1 survivors (1024K)
 Metaspace       used 75711K, committed 76288K, reserved 1122304K
  class space    used 10249K, committed 10560K, reserved 1048576K
}
Event: 21.370 GC heap after
{Heap after GC invocations=37 (full 0):
 garbage-first heap   total 178176K, used 63264K [0x0000000080000000, 0x0000000100000000)
  region size 1024K, 5 young (5120K), 5 survivors (5120K)
 Metaspace       used 75711K, committed 76288K, reserved 1122304K
  class space    used 10249K, committed 10560K, reserved 1048576K
}
Event: 23.419 GC heap before
{Heap before GC invocations=37 (full 0):
 garbage-first heap   total 178176K, used 135968K [0x0000000080000000, 0x0000000100000000)
  region size 1024K, 76 young (77824K), 5 survivors (5120K)
 Metaspace       used 81924K, committed 82560K, reserved 1122304K
  class space    used 11139K, committed 11456K, reserved 1048576K
}
Event: 23.436 GC heap after
{Heap after GC invocations=38 (full 0):
 garbage-first heap   total 178176K, used 70294K [0x0000000080000000, 0x0000000100000000)
  region size 1024K, 10 young (10240K), 10 survivors (10240K)
 Metaspace       used 81924K, committed 82560K, reserved 1122304K
  class space    used 11139K, committed 11456K, reserved 1048576K
}
Event: 24.972 GC heap before
{Heap before GC invocations=38 (full 0):
 garbage-first heap   total 178176K, used 137878K [0x0000000080000000, 0x0000000100000000)
  region size 1024K, 76 young (77824K), 10 survivors (10240K)
 Metaspace       used 84434K, committed 85056K, reserved 1122304K
  class space    used 11649K, committed 11968K, reserved 1048576K
}
Event: 24.989 GC heap after
{Heap after GC invocations=39 (full 0):
 garbage-first heap   total 178176K, used 77974K [0x0000000080000000, 0x0000000100000000)
  region size 1024K, 8 young (8192K), 8 survivors (8192K)
 Metaspace       used 84434K, committed 85056K, reserved 1122304K
  class space    used 11649K, committed 11968K, reserved 1048576K
}
Event: 26.759 GC heap before
{Heap before GC invocations=39 (full 0):
 garbage-first heap   total 178176K, used 139414K [0x0000000080000000, 0x0000000100000000)
  region size 1024K, 68 young (69632K), 8 survivors (8192K)
 Metaspace       used 88414K, committed 89024K, reserved 1130496K
  class space    used 12073K, committed 12352K, reserved 1048576K
}
Event: 26.770 GC heap after
{Heap after GC invocations=40 (full 0):
 garbage-first heap   total 178176K, used 86754K [0x0000000080000000, 0x0000000100000000)
  region size 1024K, 9 young (9216K), 9 survivors (9216K)
 Metaspace       used 88414K, committed 89024K, reserved 1130496K
  class space    used 12073K, committed 12352K, reserved 1048576K
}
Event: 28.603 GC heap before
{Heap before GC invocations=40 (full 0):
 garbage-first heap   total 178176K, used 150242K [0x0000000080000000, 0x0000000100000000)
  region size 1024K, 61 young (62464K), 9 survivors (9216K)
 Metaspace       used 89055K, committed 89664K, reserved 1130496K
  class space    used 12119K, committed 12416K, reserved 1048576K
}
Event: 28.622 GC heap after
{Heap after GC invocations=41 (full 0):
 garbage-first heap   total 178176K, used 104448K [0x0000000080000000, 0x0000000100000000)
  region size 1024K, 8 young (8192K), 8 survivors (8192K)
 Metaspace       used 89055K, committed 89664K, reserved 1130496K
  class space    used 12119K, committed 12416K, reserved 1048576K
}
Event: 29.654 GC heap before
{Heap before GC invocations=41 (full 0):
 garbage-first heap   total 178176K, used 154624K [0x0000000080000000, 0x0000000100000000)
  region size 1024K, 43 young (44032K), 8 survivors (8192K)
 Metaspace       used 89748K, committed 90368K, reserved 1130496K
  class space    used 12190K, committed 12480K, reserved 1048576K
}
Event: 29.667 GC heap after
{Heap after GC invocations=42 (full 0):
 garbage-first heap   total 178176K, used 109499K [0x0000000080000000, 0x0000000100000000)
  region size 1024K, 4 young (4096K), 4 survivors (4096K)
 Metaspace       used 89748K, committed 90368K, reserved 1130496K
  class space    used 12190K, committed 12480K, reserved 1048576K
}
Event: 30.320 GC heap before
{Heap before GC invocations=43 (full 0):
 garbage-first heap   total 209920K, used 142267K [0x0000000080000000, 0x0000000100000000)
  region size 1024K, 37 young (37888K), 4 survivors (4096K)
 Metaspace       used 93125K, committed 93760K, reserved 1130496K
  class space    used 12487K, committed 12800K, reserved 1048576K
}
Event: 30.332 GC heap after
{Heap after GC invocations=44 (full 0):
 garbage-first heap   total 209920K, used 114298K [0x0000000080000000, 0x0000000100000000)
  region size 1024K, 5 young (5120K), 5 survivors (5120K)
 Metaspace       used 93125K, committed 93760K, reserved 1130496K
  class space    used 12487K, committed 12800K, reserved 1048576K
}
Event: 30.411 GC heap before
{Heap before GC invocations=44 (full 0):
 garbage-first heap   total 209920K, used 119418K [0x0000000080000000, 0x0000000100000000)
  region size 1024K, 10 young (10240K), 5 survivors (5120K)
 Metaspace       used 93200K, committed 93824K, reserved 1130496K
  class space    used 12487K, committed 12800K, reserved 1048576K
}
Event: 30.418 GC heap after
{Heap after GC invocations=45 (full 0):
 garbage-first heap   total 209920K, used 114536K [0x0000000080000000, 0x0000000100000000)
  region size 1024K, 2 young (2048K), 2 survivors (2048K)
 Metaspace       used 93200K, committed 93824K, reserved 1130496K
  class space    used 12487K, committed 12800K, reserved 1048576K
}
Event: 30.961 GC heap before
{Heap before GC invocations=45 (full 0):
 garbage-first heap   total 209920K, used 162664K [0x0000000080000000, 0x0000000100000000)
  region size 1024K, 49 young (50176K), 2 survivors (2048K)
 Metaspace       used 93826K, committed 94528K, reserved 1138688K
  class space    used 12525K, committed 12864K, reserved 1048576K
}
Event: 30.972 GC heap after
{Heap after GC invocations=46 (full 0):
 garbage-first heap   total 209920K, used 121962K [0x0000000080000000, 0x0000000100000000)
  region size 1024K, 7 young (7168K), 7 survivors (7168K)
 Metaspace       used 93826K, committed 94528K, reserved 1138688K
  class space    used 12525K, committed 12864K, reserved 1048576K
}
Event: 31.537 GC heap before
{Heap before GC invocations=46 (full 0):
 garbage-first heap   total 209920K, used 173162K [0x0000000080000000, 0x0000000100000000)
  region size 1024K, 50 young (51200K), 7 survivors (7168K)
 Metaspace       used 95016K, committed 95680K, reserved 1138688K
  class space    used 12642K, committed 12928K, reserved 1048576K
}

