# JRE version: OpenJDK Runtime Environment (17.0.6) (build 17.0.6+0-b2043.56-10027231)
# Java VM: OpenJDK 64-Bit Server VM (17.0.6+0-b2043.56-10027231, mixed mode, tiered, compressed oops, compressed class ptrs, g1 gc, windows-amd64)
GC Precious Log:
 CPUs: 8 total, 8 available
 Memory: 7932M
 Large Page Support: Disabled
 NUMA Support: Disabled
 Compressed Oops: Enabled (32-bit)
 Heap Region Size: 1M
 Heap Min Capacity: 8M
 Heap Initial Capacity: 124M
 Heap Max Capacity: 2G
 Pre-touch: Disabled
 Parallel Workers: 8
 Concurrent Workers: 2
 Concurrent Refinement Workers: 8
 Periodic GC: Disabled
Heap:
 garbage-first heap   total 153600K, used 84427K [0x0000000080000000, 0x0000000100000000)
  region size 1024K, 3 young (3072K), 3 survivors (3072K)
 Metaspace       used 88086K, committed 88768K, reserved 1130496K
  class space    used 12015K, committed 12352K, reserved 1048576K
GC Heap History (20 events):
Event: 11.974 GC heap after
{Heap after GC invocations=25 (full 0):
 garbage-first heap   total 128000K, used 57261K [0x0000000080000000, 0x0000000100000000)
  region size 1024K, 5 young (5120K), 5 survivors (5120K)
 Metaspace       used 67704K, committed 68224K, reserved 1114112K
  class space    used 8934K, committed 9152K, reserved 1048576K
}
Event: 12.645 GC heap before
{Heap before GC invocations=25 (full 0):
 garbage-first heap   total 128000K, used 96173K [0x0000000080000000, 0x0000000100000000)
  region size 1024K, 42 young (43008K), 5 survivors (5120K)
 Metaspace       used 72212K, committed 72704K, reserved 1114112K
  class space    used 9764K, committed 9984K, reserved 1048576K
}
Event: 12.652 GC heap after
{Heap after GC invocations=26 (full 0):
 garbage-first heap   total 128000K, used 59470K [0x0000000080000000, 0x0000000100000000)
  region size 1024K, 6 young (6144K), 6 survivors (6144K)
 Metaspace       used 72212K, committed 72704K, reserved 1114112K
  class space    used 9764K, committed 9984K, reserved 1048576K
}
Event: 13.400 GC heap before
{Heap before GC invocations=26 (full 0):
 garbage-first heap   total 128000K, used 97358K [0x0000000080000000, 0x0000000100000000)
  region size 1024K, 43 young (44032K), 6 survivors (6144K)
 Metaspace       used 75791K, committed 76352K, reserved 1122304K
  class space    used 10259K, committed 10496K, reserved 1048576K
}
Event: 13.409 GC heap after
{Heap after GC invocations=27 (full 0):
 garbage-first heap   total 128000K, used 62537K [0x0000000080000000, 0x0000000100000000)
  region size 1024K, 6 young (6144K), 6 survivors (6144K)
 Metaspace       used 75791K, committed 76352K, reserved 1122304K
  class space    used 10259K, committed 10496K, reserved 1048576K
}
Event: 14.132 GC heap before
{Heap before GC invocations=27 (full 0):
 garbage-first heap   total 128000K, used 99401K [0x0000000080000000, 0x0000000100000000)
  region size 1024K, 42 young (43008K), 6 survivors (6144K)
 Metaspace       used 80704K, committed 81280K, reserved 1122304K
  class space    used 10972K, committed 11264K, reserved 1048576K
}
Event: 14.140 GC heap after
{Heap after GC invocations=28 (full 0):
 garbage-first heap   total 128000K, used 65522K [0x0000000080000000, 0x0000000100000000)
  region size 1024K, 6 young (6144K), 6 survivors (6144K)
 Metaspace       used 80704K, committed 81280K, reserved 1122304K
  class space    used 10972K, committed 11264K, reserved 1048576K
}
Event: 14.554 GC heap before
{Heap before GC invocations=28 (full 0):
 garbage-first heap   total 128000K, used 102386K [0x0000000080000000, 0x0000000100000000)
  region size 1024K, 42 young (43008K), 6 survivors (6144K)
 Metaspace       used 81948K, committed 82560K, reserved 1122304K
  class space    used 11141K, committed 11456K, reserved 1048576K
}
Event: 14.564 GC heap after
{Heap after GC invocations=29 (full 0):
 garbage-first heap   total 153600K, used 69886K [0x0000000080000000, 0x0000000100000000)
  region size 1024K, 6 young (6144K), 6 survivors (6144K)
 Metaspace       used 81948K, committed 82560K, reserved 1122304K
  class space    used 11141K, committed 11456K, reserved 1048576K
}
Event: 15.443 GC heap before
{Heap before GC invocations=30 (full 0):
 garbage-first heap   total 153600K, used 120062K [0x0000000080000000, 0x0000000100000000)
  region size 1024K, 55 young (56320K), 6 survivors (6144K)
 Metaspace       used 84263K, committed 84928K, reserved 1130496K
  class space    used 11619K, committed 11904K, reserved 1048576K
}
Event: 15.456 GC heap after
{Heap after GC invocations=31 (full 0):
 garbage-first heap   total 153600K, used 76651K [0x0000000080000000, 0x0000000100000000)
  region size 1024K, 7 young (7168K), 7 survivors (7168K)
 Metaspace       used 84263K, committed 84928K, reserved 1130496K
  class space    used 11619K, committed 11904K, reserved 1048576K
}
Event: 15.465 GC heap before
{Heap before GC invocations=31 (full 0):
 garbage-first heap   total 153600K, used 77675K [0x0000000080000000, 0x0000000100000000)
  region size 1024K, 8 young (8192K), 7 survivors (7168K)
 Metaspace       used 84266K, committed 84928K, reserved 1130496K
  class space    used 11619K, committed 11904K, reserved 1048576K
}
Event: 15.478 GC heap after
{Heap after GC invocations=32 (full 0):
 garbage-first heap   total 153600K, used 77339K [0x0000000080000000, 0x0000000100000000)
  region size 1024K, 1 young (1024K), 1 survivors (1024K)
 Metaspace       used 84266K, committed 84928K, reserved 1130496K
  class space    used 11619K, committed 11904K, reserved 1048576K
}
Event: 16.120 GC heap before
{Heap before GC invocations=32 (full 0):
 garbage-first heap   total 153600K, used 120347K [0x0000000080000000, 0x0000000100000000)
  region size 1024K, 44 young (45056K), 1 survivors (1024K)
 Metaspace       used 84818K, committed 85440K, reserved 1130496K
  class space    used 11675K, committed 11968K, reserved 1048576K
}
Event: 16.125 GC heap after
{Heap after GC invocations=33 (full 0):
 garbage-first heap   total 153600K, used 79386K [0x0000000080000000, 0x0000000100000000)
  region size 1024K, 3 young (3072K), 3 survivors (3072K)
 Metaspace       used 84818K, committed 85440K, reserved 1130496K
  class space    used 11675K, committed 11968K, reserved 1048576K
}
Event: 16.683 GC heap before
{Heap before GC invocations=34 (full 0):
 garbage-first heap   total 153600K, used 123418K [0x0000000080000000, 0x0000000100000000)
  region size 1024K, 46 young (47104K), 3 survivors (3072K)
 Metaspace       used 86546K, committed 87168K, reserved 1130496K
  class space    used 11815K, committed 12096K, reserved 1048576K
}
Event: 16.691 GC heap after
{Heap after GC invocations=35 (full 0):
 garbage-first heap   total 153600K, used 82459K [0x0000000080000000, 0x0000000100000000)
  region size 1024K, 6 young (6144K), 6 survivors (6144K)
 Metaspace       used 86546K, committed 87168K, reserved 1130496K
  class space    used 11815K, committed 12096K, reserved 1048576K
}
Event: 16.697 GC heap before
{Heap before GC invocations=35 (full 0):
 garbage-first heap   total 153600K, used 83483K [0x0000000080000000, 0x0000000100000000)
  region size 1024K, 7 young (7168K), 6 survivors (6144K)
 Metaspace       used 86569K, committed 87168K, reserved 1130496K
  class space    used 11817K, committed 12096K, reserved 1048576K
}
Event: 16.705 GC heap after
{Heap after GC invocations=36 (full 0):
 garbage-first heap   total 153600K, used 82787K [0x0000000080000000, 0x0000000100000000)
  region size 1024K, 1 young (1024K), 1 survivors (1024K)
 Metaspace       used 86569K, committed 87168K, reserved 1130496K
  class space    used 11817K, committed 12096K, reserved 1048576K
}
Event: 17.055 GC heap before
{Heap before GC invocations=36 (full 0):
 garbage-first heap   total 153600K, used 124771K [0x0000000080000000, 0x0000000100000000)
  region size 1024K, 43 young (44032K), 1 survivors (1024K)
 Metaspace       used 88086K, committed 88768K, reserved 1130496K
  class space    used 12015K, committed 12352K, reserved 1048576K
}

