# JRE version: OpenJDK Runtime Environment (17.0.6) (build 17.0.6+0-b2043.56-10027231)
# Java VM: OpenJDK 64-Bit Server VM (17.0.6+0-b2043.56-10027231, mixed mode, tiered, compressed oops, compressed class ptrs, g1 gc, windows-amd64)
GC Precious Log:
 CPUs: 8 total, 8 available
 Memory: 7932M
 Large Page Support: Disabled
 NUMA Support: Disabled
 Compressed Oops: Enabled (32-bit)
 Heap Region Size: 1M
 Heap Min Capacity: 8M
 Heap Initial Capacity: 124M
 Heap Max Capacity: 2G
 Pre-touch: Disabled
 Parallel Workers: 8
 Concurrent Workers: 2
 Concurrent Refinement Workers: 8
 Periodic GC: Disabled
Heap:
 garbage-first heap   total 179200K, used 114952K [0x0000000080000000, 0x0000000100000000)
  region size 1024K, 15 young (15360K), 2 survivors (2048K)
 Metaspace       used 95983K, committed 96640K, reserved 1138688K
  class space    used 12984K, committed 13248K, reserved 1048576K
GC Heap History (20 events):
Event: 19.446 GC heap before
{Heap before GC invocations=34 (full 0):
 garbage-first heap   total 111616K, used 87194K [0x0000000080000000, 0x0000000100000000)
  region size 1024K, 30 young (30720K), 3 survivors (3072K)
 Metaspace       used 75171K, committed 75712K, reserved 1122304K
  class space    used 9931K, committed 10176K, reserved 1048576K
}
Event: 19.453 GC heap after
{Heap after GC invocations=35 (full 0):
 garbage-first heap   total 137216K, used 61389K [0x0000000080000000, 0x0000000100000000)
  region size 1024K, 2 young (2048K), 2 survivors (2048K)
 Metaspace       used 75171K, committed 75712K, reserved 1122304K
  class space    used 9931K, committed 10176K, reserved 1048576K
}
Event: 21.317 GC heap before
{Heap before GC invocations=35 (full 0):
 garbage-first heap   total 137216K, used 102349K [0x0000000080000000, 0x0000000100000000)
  region size 1024K, 42 young (43008K), 2 survivors (2048K)
 Metaspace       used 79885K, committed 80448K, reserved 1122304K
  class space    used 10774K, committed 11008K, reserved 1048576K
}
Event: 21.325 GC heap after
{Heap after GC invocations=36 (full 0):
 garbage-first heap   total 137216K, used 64245K [0x0000000080000000, 0x0000000100000000)
  region size 1024K, 5 young (5120K), 5 survivors (5120K)
 Metaspace       used 79885K, committed 80448K, reserved 1122304K
  class space    used 10774K, committed 11008K, reserved 1048576K
}
Event: 22.414 GC heap before
{Heap before GC invocations=36 (full 0):
 garbage-first heap   total 137216K, used 105205K [0x0000000080000000, 0x0000000100000000)
  region size 1024K, 45 young (46080K), 5 survivors (5120K)
 Metaspace       used 84322K, committed 84992K, reserved 1122304K
  class space    used 11462K, committed 11776K, reserved 1048576K
}
Event: 22.424 GC heap after
{Heap after GC invocations=37 (full 0):
 garbage-first heap   total 137216K, used 67010K [0x0000000080000000, 0x0000000100000000)
  region size 1024K, 6 young (6144K), 6 survivors (6144K)
 Metaspace       used 84322K, committed 84992K, reserved 1122304K
  class space    used 11462K, committed 11776K, reserved 1048576K
}
Event: 23.232 GC heap before
{Heap before GC invocations=37 (full 0):
 garbage-first heap   total 137216K, used 107970K [0x0000000080000000, 0x0000000100000000)
  region size 1024K, 46 young (47104K), 6 survivors (6144K)
 Metaspace       used 87415K, committed 87936K, reserved 1130496K
  class space    used 11853K, committed 12096K, reserved 1048576K
}
Event: 23.245 GC heap after
{Heap after GC invocations=38 (full 0):
 garbage-first heap   total 137216K, used 71406K [0x0000000080000000, 0x0000000100000000)
  region size 1024K, 6 young (6144K), 6 survivors (6144K)
 Metaspace       used 87415K, committed 87936K, reserved 1130496K
  class space    used 11853K, committed 12096K, reserved 1048576K
}
Event: 23.827 GC heap before
{Heap before GC invocations=38 (full 0):
 garbage-first heap   total 137216K, used 109294K [0x0000000080000000, 0x0000000100000000)
  region size 1024K, 43 young (44032K), 6 survivors (6144K)
 Metaspace       used 88467K, committed 89088K, reserved 1130496K
  class space    used 12072K, committed 12352K, reserved 1048576K
}
Event: 23.838 GC heap after
{Heap after GC invocations=39 (full 0):
 garbage-first heap   total 137216K, used 77638K [0x0000000080000000, 0x0000000100000000)
  region size 1024K, 6 young (6144K), 6 survivors (6144K)
 Metaspace       used 88467K, committed 89088K, reserved 1130496K
  class space    used 12072K, committed 12352K, reserved 1048576K
}
Event: 24.871 GC heap before
{Heap before GC invocations=39 (full 0):
 garbage-first heap   total 137216K, used 110406K [0x0000000080000000, 0x0000000100000000)
  region size 1024K, 38 young (38912K), 6 survivors (6144K)
 Metaspace       used 92044K, committed 92672K, reserved 1130496K
  class space    used 12569K, committed 12864K, reserved 1048576K
}
Event: 24.882 GC heap after
{Heap after GC invocations=40 (full 0):
 garbage-first heap   total 137216K, used 80620K [0x0000000080000000, 0x0000000100000000)
  region size 1024K, 3 young (3072K), 3 survivors (3072K)
 Metaspace       used 92044K, committed 92672K, reserved 1130496K
  class space    used 12569K, committed 12864K, reserved 1048576K
}
Event: 25.554 GC heap before
{Heap before GC invocations=40 (full 0):
 garbage-first heap   total 137216K, used 111340K [0x0000000080000000, 0x0000000100000000)
  region size 1024K, 34 young (34816K), 3 survivors (3072K)
 Metaspace       used 92420K, committed 93120K, reserved 1130496K
  class space    used 12588K, committed 12928K, reserved 1048576K
}
Event: 25.560 GC heap after
{Heap after GC invocations=41 (full 0):
 garbage-first heap   total 137216K, used 81764K [0x0000000080000000, 0x0000000100000000)
  region size 1024K, 5 young (5120K), 5 survivors (5120K)
 Metaspace       used 92420K, committed 93120K, reserved 1130496K
  class space    used 12588K, committed 12928K, reserved 1048576K
}
Event: 26.768 GC heap before
{Heap before GC invocations=41 (full 0):
 garbage-first heap   total 137216K, used 111460K [0x0000000080000000, 0x0000000100000000)
  region size 1024K, 35 young (35840K), 5 survivors (5120K)
 Metaspace       used 95148K, committed 95872K, reserved 1138688K
  class space    used 12900K, committed 13248K, reserved 1048576K
}
Event: 26.777 GC heap after
{Heap after GC invocations=42 (full 0):
 garbage-first heap   total 137216K, used 86648K [0x0000000080000000, 0x0000000100000000)
  region size 1024K, 5 young (5120K), 5 survivors (5120K)
 Metaspace       used 95148K, committed 95872K, reserved 1138688K
  class space    used 12900K, committed 13248K, reserved 1048576K
}
Event: 27.611 GC heap before
{Heap before GC invocations=42 (full 0):
 garbage-first heap   total 137216K, used 114296K [0x0000000080000000, 0x0000000100000000)
  region size 1024K, 30 young (30720K), 5 survivors (5120K)
 Metaspace       used 95271K, committed 95936K, reserved 1138688K
  class space    used 12900K, committed 13248K, reserved 1048576K
}
Event: 27.626 GC heap after
{Heap after GC invocations=43 (full 0):
 garbage-first heap   total 137216K, used 100125K [0x0000000080000000, 0x0000000100000000)
  region size 1024K, 4 young (4096K), 4 survivors (4096K)
 Metaspace       used 95271K, committed 95936K, reserved 1138688K
  class space    used 12900K, committed 13248K, reserved 1048576K
}
Event: 27.972 GC heap before
{Heap before GC invocations=43 (full 0):
 garbage-first heap   total 137216K, used 111389K [0x0000000080000000, 0x0000000100000000)
  region size 1024K, 15 young (15360K), 4 survivors (4096K)
 Metaspace       used 95474K, committed 96128K, reserved 1138688K
  class space    used 12932K, committed 13248K, reserved 1048576K
}
Event: 27.982 GC heap after
{Heap after GC invocations=44 (full 0):
 garbage-first heap   total 164864K, used 103688K [0x0000000080000000, 0x0000000100000000)
  region size 1024K, 2 young (2048K), 2 survivors (2048K)
 Metaspace       used 95474K, committed 96128K, reserved 1138688K
  class space    used 12932K, committed 13248K, reserved 1048576K
}

