# JRE version: OpenJDK Runtime Environment (17.0.6) (build 17.0.6+0-b2043.56-10027231)
# Java VM: OpenJDK 64-Bit Server VM (17.0.6+0-b2043.56-10027231, mixed mode, tiered, compressed oops, compressed class ptrs, g1 gc, windows-amd64)
GC Precious Log:
 CPUs: 8 total, 8 available
 Memory: 7932M
 Large Page Support: Disabled
 NUMA Support: Disabled
 Compressed Oops: Enabled (32-bit)
 Heap Region Size: 1M
 Heap Min Capacity: 8M
 Heap Initial Capacity: 124M
 Heap Max Capacity: 2G
 Pre-touch: Disabled
 Parallel Workers: 8
 Concurrent Workers: 2
 Concurrent Refinement Workers: 8
 Periodic GC: Disabled
Heap:
 garbage-first heap   total 220160K, used 160673K [0x0000000080000000, 0x0000000100000000)
  region size 1024K, 9 young (9216K), 6 survivors (6144K)
 Metaspace       used 107480K, committed 108288K, reserved 1146880K
  class space    used 14262K, committed 14656K, reserved 1048576K
GC Heap History (20 events):
Event: 46.519 GC heap before
{Heap before GC invocations=58 (full 0):
 garbage-first heap   total 183296K, used 148704K [0x0000000080000000, 0x0000000100000000)
  region size 1024K, 33 young (33792K), 2 survivors (2048K)
 Metaspace       used 93465K, committed 94080K, reserved 1130496K
  class space    used 12444K, committed 12736K, reserved 1048576K
}
Event: 46.524 GC heap after
{Heap after GC invocations=59 (full 0):
 garbage-first heap   total 183296K, used 119148K [0x0000000080000000, 0x0000000100000000)
  region size 1024K, 3 young (3072K), 3 survivors (3072K)
 Metaspace       used 93465K, committed 94080K, reserved 1130496K
  class space    used 12444K, committed 12736K, reserved 1048576K
}
Event: 46.970 GC heap before
{Heap before GC invocations=59 (full 0):
 garbage-first heap   total 183296K, used 151916K [0x0000000080000000, 0x0000000100000000)
  region size 1024K, 35 young (35840K), 3 survivors (3072K)
 Metaspace       used 94713K, committed 95360K, reserved 1138688K
  class space    used 12600K, committed 12928K, reserved 1048576K
}
Event: 46.977 GC heap after
{Heap after GC invocations=60 (full 0):
 garbage-first heap   total 183296K, used 120761K [0x0000000080000000, 0x0000000100000000)
  region size 1024K, 4 young (4096K), 4 survivors (4096K)
 Metaspace       used 94713K, committed 95360K, reserved 1138688K
  class space    used 12600K, committed 12928K, reserved 1048576K
}
Event: 47.336 GC heap before
{Heap before GC invocations=60 (full 0):
 garbage-first heap   total 183296K, used 157625K [0x0000000080000000, 0x0000000100000000)
  region size 1024K, 35 young (35840K), 4 survivors (4096K)
 Metaspace       used 95597K, committed 96320K, reserved 1138688K
  class space    used 12699K, committed 13056K, reserved 1048576K
}
Event: 47.345 GC heap after
{Heap after GC invocations=61 (full 0):
 garbage-first heap   total 183296K, used 124871K [0x0000000080000000, 0x0000000100000000)
  region size 1024K, 5 young (5120K), 5 survivors (5120K)
 Metaspace       used 95597K, committed 96320K, reserved 1138688K
  class space    used 12699K, committed 13056K, reserved 1048576K
}
Event: 47.941 GC heap before
{Heap before GC invocations=61 (full 0):
 garbage-first heap   total 183296K, used 154567K [0x0000000080000000, 0x0000000100000000)
  region size 1024K, 33 young (33792K), 5 survivors (5120K)
 Metaspace       used 96693K, committed 97344K, reserved 1138688K
  class space    used 12827K, committed 13120K, reserved 1048576K
}
Event: 47.946 GC heap after
{Heap after GC invocations=62 (full 0):
 garbage-first heap   total 183296K, used 123141K [0x0000000080000000, 0x0000000100000000)
  region size 1024K, 1 young (1024K), 1 survivors (1024K)
 Metaspace       used 96693K, committed 97344K, reserved 1138688K
  class space    used 12827K, committed 13120K, reserved 1048576K
}
Event: 48.887 GC heap before
{Heap before GC invocations=62 (full 0):
 garbage-first heap   total 183296K, used 153861K [0x0000000080000000, 0x0000000100000000)
  region size 1024K, 32 young (32768K), 1 survivors (1024K)
 Metaspace       used 100458K, committed 101056K, reserved 1138688K
  class space    used 13340K, committed 13632K, reserved 1048576K
}
Event: 48.892 GC heap after
{Heap after GC invocations=63 (full 0):
 garbage-first heap   total 183296K, used 125539K [0x0000000080000000, 0x0000000100000000)
  region size 1024K, 4 young (4096K), 4 survivors (4096K)
 Metaspace       used 100458K, committed 101056K, reserved 1138688K
  class space    used 13340K, committed 13632K, reserved 1048576K
}
Event: 49.729 GC heap before
{Heap before GC invocations=63 (full 0):
 garbage-first heap   total 183296K, used 153187K [0x0000000080000000, 0x0000000100000000)
  region size 1024K, 32 young (32768K), 4 survivors (4096K)
 Metaspace       used 101267K, committed 101952K, reserved 1138688K
  class space    used 13434K, committed 13760K, reserved 1048576K
}
Event: 49.737 GC heap after
{Heap after GC invocations=64 (full 0):
 garbage-first heap   total 183296K, used 127746K [0x0000000080000000, 0x0000000100000000)
  region size 1024K, 3 young (3072K), 3 survivors (3072K)
 Metaspace       used 101267K, committed 101952K, reserved 1138688K
  class space    used 13434K, committed 13760K, reserved 1048576K
}
Event: 50.248 GC heap before
{Heap before GC invocations=64 (full 0):
 garbage-first heap   total 183296K, used 154370K [0x0000000080000000, 0x0000000100000000)
  region size 1024K, 30 young (30720K), 3 survivors (3072K)
 Metaspace       used 102044K, committed 102656K, reserved 1138688K
  class space    used 13527K, committed 13824K, reserved 1048576K
}
Event: 50.254 GC heap after
{Heap after GC invocations=65 (full 0):
 garbage-first heap   total 183296K, used 129365K [0x0000000080000000, 0x0000000100000000)
  region size 1024K, 4 young (4096K), 4 survivors (4096K)
 Metaspace       used 102044K, committed 102656K, reserved 1138688K
  class space    used 13527K, committed 13824K, reserved 1048576K
}
Event: 50.742 GC heap before
{Heap before GC invocations=65 (full 0):
 garbage-first heap   total 183296K, used 160085K [0x0000000080000000, 0x0000000100000000)
  region size 1024K, 31 young (31744K), 4 survivors (4096K)
 Metaspace       used 102666K, committed 103360K, reserved 1138688K
  class space    used 13605K, committed 13888K, reserved 1048576K
}
Event: 50.749 GC heap after
{Heap after GC invocations=66 (full 0):
 garbage-first heap   total 183296K, used 137913K [0x0000000080000000, 0x0000000100000000)
  region size 1024K, 4 young (4096K), 4 survivors (4096K)
 Metaspace       used 102666K, committed 103360K, reserved 1138688K
  class space    used 13605K, committed 13888K, reserved 1048576K
}
Event: 51.141 GC heap before
{Heap before GC invocations=66 (full 0):
 garbage-first heap   total 183296K, used 157369K [0x0000000080000000, 0x0000000100000000)
  region size 1024K, 23 young (23552K), 4 survivors (4096K)
 Metaspace       used 104047K, committed 104640K, reserved 1146880K
  class space    used 13795K, committed 14080K, reserved 1048576K
}
Event: 51.149 GC heap after
{Heap after GC invocations=67 (full 0):
 garbage-first heap   total 220160K, used 141830K [0x0000000080000000, 0x0000000100000000)
  region size 1024K, 3 young (3072K), 3 survivors (3072K)
 Metaspace       used 104047K, committed 104640K, reserved 1146880K
  class space    used 13795K, committed 14080K, reserved 1048576K
}
Event: 51.639 GC heap before
{Heap before GC invocations=67 (full 0):
 garbage-first heap   total 220160K, used 179718K [0x0000000080000000, 0x0000000100000000)
  region size 1024K, 41 young (41984K), 3 survivors (3072K)
 Metaspace       used 105932K, committed 106688K, reserved 1146880K
  class space    used 14049K, committed 14400K, reserved 1048576K
}
Event: 51.646 GC heap after
{Heap after GC invocations=68 (full 0):
 garbage-first heap   total 220160K, used 143616K [0x0000000080000000, 0x0000000100000000)
  region size 1024K, 5 young (5120K), 5 survivors (5120K)
 Metaspace       used 105932K, committed 106688K, reserved 1146880K
  class space    used 14049K, committed 14400K, reserved 1048576K
}

