# JRE version: OpenJDK Runtime Environment (17.0.6) (build 17.0.6+0-b2043.56-10027231)
# Java VM: OpenJDK 64-Bit Server VM (17.0.6+0-b2043.56-10027231, mixed mode, tiered, compressed oops, compressed class ptrs, g1 gc, windows-amd64)
GC Precious Log:
 CPUs: 8 total, 8 available
 Memory: 7932M
 Large Page Support: Disabled
 NUMA Support: Disabled
 Compressed Oops: Enabled (32-bit)
 Heap Region Size: 1M
 Heap Min Capacity: 8M
 Heap Initial Capacity: 124M
 Heap Max Capacity: 2G
 Pre-touch: Disabled
 Parallel Workers: 8
 Concurrent Workers: 2
 Concurrent Refinement Workers: 8
 Periodic GC: Disabled
Heap:
 garbage-first heap   total 86016K, used 52307K [0x0000000080000000, 0x0000000100000000)
  region size 1024K, 24 young (24576K), 1 survivors (1024K)
 Metaspace       used 44543K, committed 44928K, reserved 1089536K
  class space    used 5888K, committed 6080K, reserved 1048576K
GC Heap History (18 events):
Event: 1.179 GC heap before
{Heap before GC invocations=0 (full 0):
 garbage-first heap   total 126976K, used 26624K [0x0000000080000000, 0x0000000100000000)
  region size 1024K, 23 young (23552K), 0 survivors (0K)
 Metaspace       used 10251K, committed 10432K, reserved 1064960K
  class space    used 1058K, committed 1152K, reserved 1048576K
}
Event: 1.190 GC heap after
{Heap after GC invocations=1 (full 0):
 garbage-first heap   total 126976K, used 10092K [0x0000000080000000, 0x0000000100000000)
  region size 1024K, 3 young (3072K), 3 survivors (3072K)
 Metaspace       used 10251K, committed 10432K, reserved 1064960K
  class space    used 1058K, committed 1152K, reserved 1048576K
}
Event: 1.890 GC heap before
{Heap before GC invocations=1 (full 0):
 garbage-first heap   total 126976K, used 39788K [0x0000000080000000, 0x0000000100000000)
  region size 1024K, 31 young (31744K), 3 survivors (3072K)
 Metaspace       used 11192K, committed 11456K, reserved 1064960K
  class space    used 1162K, committed 1280K, reserved 1048576K
}
Event: 1.900 GC heap after
{Heap after GC invocations=2 (full 0):
 garbage-first heap   total 126976K, used 14062K [0x0000000080000000, 0x0000000100000000)
  region size 1024K, 4 young (4096K), 4 survivors (4096K)
 Metaspace       used 11192K, committed 11456K, reserved 1064960K
  class space    used 1162K, committed 1280K, reserved 1048576K
}
Event: 3.724 GC heap before
{Heap before GC invocations=2 (full 0):
 garbage-first heap   total 126976K, used 50926K [0x0000000080000000, 0x0000000100000000)
  region size 1024K, 41 young (41984K), 4 survivors (4096K)
 Metaspace       used 21179K, committed 21504K, reserved 1073152K
  class space    used 2570K, committed 2752K, reserved 1048576K
}
Event: 3.731 GC heap after
{Heap after GC invocations=3 (full 0):
 garbage-first heap   total 126976K, used 18478K [0x0000000080000000, 0x0000000100000000)
  region size 1024K, 9 young (9216K), 9 survivors (9216K)
 Metaspace       used 21179K, committed 21504K, reserved 1073152K
  class space    used 2570K, committed 2752K, reserved 1048576K
}
Event: 4.501 GC heap before
{Heap before GC invocations=4 (full 0):
 garbage-first heap   total 68608K, used 50222K [0x0000000080000000, 0x0000000100000000)
  region size 1024K, 40 young (40960K), 9 survivors (9216K)
 Metaspace       used 26061K, committed 26304K, reserved 1073152K
  class space    used 3417K, committed 3520K, reserved 1048576K
}
Event: 4.509 GC heap after
{Heap after GC invocations=5 (full 0):
 garbage-first heap   total 68608K, used 20112K [0x0000000080000000, 0x0000000100000000)
  region size 1024K, 3 young (3072K), 3 survivors (3072K)
 Metaspace       used 26061K, committed 26304K, reserved 1073152K
  class space    used 3417K, committed 3520K, reserved 1048576K
}
Event: 4.528 GC heap before
{Heap before GC invocations=5 (full 0):
 garbage-first heap   total 68608K, used 21136K [0x0000000080000000, 0x0000000100000000)
  region size 1024K, 4 young (4096K), 3 survivors (3072K)
 Metaspace       used 26196K, committed 26496K, reserved 1073152K
  class space    used 3442K, committed 3584K, reserved 1048576K
}
Event: 4.531 GC heap after
{Heap after GC invocations=6 (full 0):
 garbage-first heap   total 68608K, used 20497K [0x0000000080000000, 0x0000000100000000)
  region size 1024K, 1 young (1024K), 1 survivors (1024K)
 Metaspace       used 26196K, committed 26496K, reserved 1073152K
  class space    used 3442K, committed 3584K, reserved 1048576K
}
Event: 5.040 GC heap before
{Heap before GC invocations=6 (full 0):
 garbage-first heap   total 68608K, used 47121K [0x0000000080000000, 0x0000000100000000)
  region size 1024K, 27 young (27648K), 1 survivors (1024K)
 Metaspace       used 30371K, committed 30656K, reserved 1081344K
  class space    used 4121K, committed 4224K, reserved 1048576K
}
Event: 5.043 GC heap after
{Heap after GC invocations=7 (full 0):
 garbage-first heap   total 97280K, used 21575K [0x0000000080000000, 0x0000000100000000)
  region size 1024K, 2 young (2048K), 2 survivors (2048K)
 Metaspace       used 30371K, committed 30656K, reserved 1081344K
  class space    used 4121K, committed 4224K, reserved 1048576K
}
Event: 5.604 GC heap before
{Heap before GC invocations=7 (full 0):
 garbage-first heap   total 97280K, used 51271K [0x0000000080000000, 0x0000000100000000)
  region size 1024K, 32 young (32768K), 2 survivors (2048K)
 Metaspace       used 35636K, committed 35968K, reserved 1081344K
  class space    used 4871K, committed 5056K, reserved 1048576K
}
Event: 5.609 GC heap after
{Heap after GC invocations=8 (full 0):
 garbage-first heap   total 97280K, used 23764K [0x0000000080000000, 0x0000000100000000)
  region size 1024K, 4 young (4096K), 4 survivors (4096K)
 Metaspace       used 35636K, committed 35968K, reserved 1081344K
  class space    used 4871K, committed 5056K, reserved 1048576K
}
Event: 6.390 GC heap before
{Heap before GC invocations=9 (full 0):
 garbage-first heap   total 86016K, used 71892K [0x0000000080000000, 0x0000000100000000)
  region size 1024K, 50 young (51200K), 4 survivors (4096K)
 Metaspace       used 42501K, committed 42880K, reserved 1089536K
  class space    used 5558K, committed 5696K, reserved 1048576K
}
Event: 6.399 GC heap after
{Heap after GC invocations=10 (full 0):
 garbage-first heap   total 86016K, used 29151K [0x0000000080000000, 0x0000000100000000)
  region size 1024K, 7 young (7168K), 7 survivors (7168K)
 Metaspace       used 42501K, committed 42880K, reserved 1089536K
  class space    used 5558K, committed 5696K, reserved 1048576K
}
Event: 6.413 GC heap before
{Heap before GC invocations=10 (full 0):
 garbage-first heap   total 86016K, used 30175K [0x0000000080000000, 0x0000000100000000)
  region size 1024K, 8 young (8192K), 7 survivors (7168K)
 Metaspace       used 42524K, committed 42880K, reserved 1089536K
  class space    used 5558K, committed 5696K, reserved 1048576K
}
Event: 6.420 GC heap after
{Heap after GC invocations=11 (full 0):
 garbage-first heap   total 86016K, used 29779K [0x0000000080000000, 0x0000000100000000)
  region size 1024K, 1 young (1024K), 1 survivors (1024K)
 Metaspace       used 42524K, committed 42880K, reserved 1089536K
  class space    used 5558K, committed 5696K, reserved 1048576K
}

