# JRE version: OpenJDK Runtime Environment (17.0.6) (build 17.0.6+0-b2043.56-10027231)
# Java VM: OpenJDK 64-Bit Server VM (17.0.6+0-b2043.56-10027231, mixed mode, tiered, compressed oops, compressed class ptrs, g1 gc, windows-amd64)
GC Precious Log:
 CPUs: 8 total, 8 available
 Memory: 7932M
 Large Page Support: Disabled
 NUMA Support: Disabled
 Compressed Oops: Enabled (32-bit)
 Heap Region Size: 1M
 Heap Min Capacity: 8M
 Heap Initial Capacity: 124M
 Heap Max Capacity: 2G
 Pre-touch: Disabled
 Parallel Workers: 8
 Concurrent Workers: 2
 Concurrent Refinement Workers: 8
 Periodic GC: Disabled
Heap:
 garbage-first heap   total 204800K, used 119808K [0x0000000080000000, 0x0000000100000000)
  region size 1024K, 2 young (2048K), 2 survivors (2048K)
 Metaspace       used 97607K, committed 98240K, reserved 1138688K
  class space    used 13516K, committed 13824K, reserved 1048576K
GC Heap History (20 events):
Event: 23.003 GC heap after
{Heap after GC invocations=32 (full 0):
 garbage-first heap   total 125952K, used 75227K [0x0000000080000000, 0x0000000100000000)
  region size 1024K, 4 young (4096K), 4 survivors (4096K)
 Metaspace       used 83814K, committed 84416K, reserved 1122304K
  class space    used 11513K, committed 11776K, reserved 1048576K
}
Event: 23.562 GC heap before
{Heap before GC invocations=33 (full 0):
 garbage-first heap   total 135168K, used 100827K [0x0000000080000000, 0x0000000100000000)
  region size 1024K, 30 young (30720K), 4 survivors (4096K)
 Metaspace       used 84302K, committed 84864K, reserved 1130496K
  class space    used 11600K, committed 11840K, reserved 1048576K
}
Event: 23.569 GC heap after
{Heap after GC invocations=34 (full 0):
 garbage-first heap   total 135168K, used 77716K [0x0000000080000000, 0x0000000100000000)
  region size 1024K, 3 young (3072K), 3 survivors (3072K)
 Metaspace       used 84302K, committed 84864K, reserved 1130496K
  class space    used 11600K, committed 11840K, reserved 1048576K
}
Event: 24.261 GC heap before
{Heap before GC invocations=34 (full 0):
 garbage-first heap   total 135168K, used 108436K [0x0000000080000000, 0x0000000100000000)
  region size 1024K, 34 young (34816K), 3 survivors (3072K)
 Metaspace       used 84813K, committed 85440K, reserved 1130496K
  class space    used 11655K, committed 11968K, reserved 1048576K
}
Event: 24.269 GC heap after
{Heap after GC invocations=35 (full 0):
 garbage-first heap   total 135168K, used 79772K [0x0000000080000000, 0x0000000100000000)
  region size 1024K, 5 young (5120K), 5 survivors (5120K)
 Metaspace       used 84813K, committed 85440K, reserved 1130496K
  class space    used 11655K, committed 11968K, reserved 1048576K
}
Event: 24.905 GC heap before
{Heap before GC invocations=36 (full 0):
 garbage-first heap   total 145408K, used 109468K [0x0000000080000000, 0x0000000100000000)
  region size 1024K, 35 young (35840K), 5 survivors (5120K)
 Metaspace       used 85223K, committed 85824K, reserved 1130496K
  class space    used 11680K, committed 11968K, reserved 1048576K
}
Event: 24.913 GC heap after
{Heap after GC invocations=37 (full 0):
 garbage-first heap   total 145408K, used 81959K [0x0000000080000000, 0x0000000100000000)
  region size 1024K, 5 young (5120K), 5 survivors (5120K)
 Metaspace       used 85223K, committed 85824K, reserved 1130496K
  class space    used 11680K, committed 11968K, reserved 1048576K
}
Event: 24.999 GC heap before
{Heap before GC invocations=37 (full 0):
 garbage-first heap   total 145408K, used 84007K [0x0000000080000000, 0x0000000100000000)
  region size 1024K, 7 young (7168K), 5 survivors (5120K)
 Metaspace       used 85295K, committed 85888K, reserved 1130496K
  class space    used 11684K, committed 11968K, reserved 1048576K
}
Event: 25.007 GC heap after
{Heap after GC invocations=38 (full 0):
 garbage-first heap   total 175104K, used 81982K [0x0000000080000000, 0x0000000100000000)
  region size 1024K, 1 young (1024K), 1 survivors (1024K)
 Metaspace       used 85295K, committed 85888K, reserved 1130496K
  class space    used 11684K, committed 11968K, reserved 1048576K
}
Event: 25.039 GC heap before
{Heap before GC invocations=38 (full 0):
 garbage-first heap   total 175104K, used 81982K [0x0000000080000000, 0x0000000100000000)
  region size 1024K, 3 young (3072K), 1 survivors (1024K)
 Metaspace       used 85374K, committed 86016K, reserved 1130496K
  class space    used 11702K, committed 11968K, reserved 1048576K
}
Event: 25.042 GC heap after
{Heap after GC invocations=39 (full 0):
 garbage-first heap   total 175104K, used 82168K [0x0000000080000000, 0x0000000100000000)
  region size 1024K, 1 young (1024K), 1 survivors (1024K)
 Metaspace       used 85374K, committed 86016K, reserved 1130496K
  class space    used 11702K, committed 11968K, reserved 1048576K
}
Event: 25.916 GC heap before
{Heap before GC invocations=40 (full 0):
 garbage-first heap   total 175104K, used 144632K [0x0000000080000000, 0x0000000100000000)
  region size 1024K, 60 young (61440K), 1 survivors (1024K)
 Metaspace       used 88213K, committed 88832K, reserved 1130496K
  class space    used 12011K, committed 12288K, reserved 1048576K
}
Event: 25.925 GC heap after
{Heap after GC invocations=41 (full 0):
 garbage-first heap   total 175104K, used 87050K [0x0000000080000000, 0x0000000100000000)
  region size 1024K, 4 young (4096K), 4 survivors (4096K)
 Metaspace       used 88213K, committed 88832K, reserved 1130496K
  class space    used 12011K, committed 12288K, reserved 1048576K
}
Event: 26.048 GC heap before
{Heap before GC invocations=41 (full 0):
 garbage-first heap   total 175104K, used 93194K [0x0000000080000000, 0x0000000100000000)
  region size 1024K, 8 young (8192K), 4 survivors (4096K)
 Metaspace       used 88583K, committed 89216K, reserved 1130496K
  class space    used 12069K, committed 12352K, reserved 1048576K
}
Event: 26.056 GC heap after
{Heap after GC invocations=42 (full 0):
 garbage-first heap   total 175104K, used 91787K [0x0000000080000000, 0x0000000100000000)
  region size 1024K, 1 young (1024K), 1 survivors (1024K)
 Metaspace       used 88583K, committed 89216K, reserved 1130496K
  class space    used 12069K, committed 12352K, reserved 1048576K
}
Event: 26.721 GC heap before
{Heap before GC invocations=42 (full 0):
 garbage-first heap   total 175104K, used 153227K [0x0000000080000000, 0x0000000100000000)
  region size 1024K, 51 young (52224K), 1 survivors (1024K)
 Metaspace       used 94653K, committed 95296K, reserved 1138688K
  class space    used 12900K, committed 13184K, reserved 1048576K
}
Event: 26.732 GC heap after
{Heap after GC invocations=43 (full 0):
 garbage-first heap   total 175104K, used 107142K [0x0000000080000000, 0x0000000100000000)
  region size 1024K, 7 young (7168K), 7 survivors (7168K)
 Metaspace       used 94653K, committed 95296K, reserved 1138688K
  class space    used 12900K, committed 13184K, reserved 1048576K
}
Event: 27.251 GC heap before
{Heap before GC invocations=44 (full 0):
 garbage-first heap   total 204800K, used 138886K [0x0000000080000000, 0x0000000100000000)
  region size 1024K, 39 young (39936K), 7 survivors (7168K)
 Metaspace       used 97540K, committed 98176K, reserved 1138688K
  class space    used 13516K, committed 13824K, reserved 1048576K
}
Event: 27.276 GC heap after
{Heap after GC invocations=45 (full 0):
 garbage-first heap   total 204800K, used 117154K [0x0000000080000000, 0x0000000100000000)
  region size 1024K, 5 young (5120K), 5 survivors (5120K)
 Metaspace       used 97540K, committed 98176K, reserved 1138688K
  class space    used 13516K, committed 13824K, reserved 1048576K
}
Event: 27.331 GC heap before
{Heap before GC invocations=45 (full 0):
 garbage-first heap   total 204800K, used 122274K [0x0000000080000000, 0x0000000100000000)
  region size 1024K, 10 young (10240K), 5 survivors (5120K)
 Metaspace       used 97607K, committed 98240K, reserved 1138688K
  class space    used 13516K, committed 13824K, reserved 1048576K
}

